<?xml version="1.0" encoding="UTF-8"?>
<testng-results skipped="0" failed="0" ignored="0" total="1" passed="1">
  <reporter-output>
  </reporter-output>
  <suite name="Default suite" duration-ms="57" started-at="2020-04-17T16:04:15 IST" finished-at="2020-04-17T16:04:15 IST">
    <groups>
    </groups>
    <test name="Default test" duration-ms="57" started-at="2020-04-17T16:04:15 IST" finished-at="2020-04-17T16:04:15 IST">
      <class name="sum2.sum2.Add">
        <test-method status="PASS" signature="aa()[pri:0, instance:sum2.sum2.Add@6c3708b3]" name="aa" is-config="true" duration-ms="12" started-at="2020-04-17T16:04:15 IST" finished-at="2020-04-17T16:04:15 IST">
          <reporter-output>
          </reporter-output>
        </test-method> <!-- aa -->
        <test-method status="PASS" signature="test()[pri:0, instance:sum2.sum2.Add@6c3708b3]" name="test" duration-ms="8" started-at="2020-04-17T16:04:15 IST" finished-at="2020-04-17T16:04:15 IST">
          <reporter-output>
          </reporter-output>
        </test-method> <!-- test -->
      </class> <!-- sum2.sum2.Add -->
    </test> <!-- Default test -->
  </suite> <!-- Default suite -->
</testng-results>
